[debug] [2022-11-01T05:58:26.471Z] ----------------------------------------------------------------------
[debug] [2022-11-01T05:58:26.474Z] Command:       C:\Program Files\nodejs\node.exe C:\Users\Mikael\AppData\Roaming\npm\node_modules\firebase-tools\lib\bin\firebase.js init hosting
[debug] [2022-11-01T05:58:26.474Z] CLI Version:   11.15.0
[debug] [2022-11-01T05:58:26.474Z] Platform:      win32
[debug] [2022-11-01T05:58:26.474Z] Node Version:  v16.17.0
[debug] [2022-11-01T05:58:26.475Z] Time:          Tue Nov 01 2022 01:58:26 GMT-0400 (Venezuela Time)
[debug] [2022-11-01T05:58:26.475Z] ----------------------------------------------------------------------
[debug] 
[debug] [2022-11-01T05:58:26.484Z] > command requires scopes: ["email","openid","https://www.googleapis.com/auth/cloudplatformprojects.readonly","https://www.googleapis.com/auth/firebase","https://www.googleapis.com/auth/cloud-platform"]
[debug] [2022-11-01T05:58:26.484Z] > authorizing via signed-in user (mikaelangelopizzi@gmail.com)
[info] 
     ######## #### ########  ######## ########     ###     ######  ########
     ##        ##  ##     ## ##       ##     ##  ##   ##  ##       ##
     ######    ##  ########  ######   ########  #########  ######  ######
     ##        ##  ##    ##  ##       ##     ## ##     ##       ## ##
     ##       #### ##     ## ######## ########  ##     ##  ######  ########

You're about to initialize a Firebase project in this directory:

  C:\Users\Mikael\Documents\GitHub\producthuntnext

[info] 
=== Project Setup
[info] 
[info] First, let's associate this project directory with a Firebase project.
[info] You can create multiple project aliases by running firebase use --add, 
[info] but for now we'll just set up a default project.
[info] 
[debug] [2022-11-01T06:04:01.777Z] >>> [apiv2][query] GET https://firebase.googleapis.com/v1beta1/projects pageSize=100
[debug] [2022-11-01T06:04:02.373Z] <<< [apiv2][status] GET https://firebase.googleapis.com/v1beta1/projects 200
[debug] [2022-11-01T06:04:02.373Z] <<< [apiv2][body] GET https://firebase.googleapis.com/v1beta1/projects [omitted]
